  main.cpp
c:\users\gameuser\desktop\space_rescue_ai1\ai1\ai1\basicfunction.h(58): warning C4091: 'static ': ignored on left of 'Vector' when no variable is declared
c:\users\gameuser\desktop\space_rescue_ai1\ai1\ai1\basicfunction.h(55): warning C4244: 'initializing': conversion from 'double' to 'float', possible loss of data
c:\users\gameuser\desktop\space_rescue_ai1\ai1\ai1\main.cpp(24): warning C4244: 'argument': conversion from 'time_t' to 'unsigned int', possible loss of data
c:\users\gameuser\desktop\space_rescue_ai1\ai1\ai1\main.cpp(32): warning C4244: 'argument': conversion from 'const int' to 'float', possible loss of data
  Generating Code...
  Compiling...
  Worker.cpp
c:\users\gameuser\desktop\space_rescue_ai1\ai1\ai1\basicfunction.h(58): warning C4091: 'static ': ignored on left of 'Vector' when no variable is declared
c:\users\gameuser\desktop\space_rescue_ai1\ai1\ai1\basicfunction.h(55): warning C4244: 'initializing': conversion from 'double' to 'float', possible loss of data
c:\users\gameuser\desktop\space_rescue_ai1\ai1\ai1\worker.cpp(48): warning C4244: 'initializing': conversion from 'double' to 'float', possible loss of data
  PowerUp.cpp
c:\users\gameuser\desktop\space_rescue_ai1\ai1\ai1\basicfunction.h(58): warning C4091: 'static ': ignored on left of 'Vector' when no variable is declared
c:\users\gameuser\desktop\space_rescue_ai1\ai1\ai1\basicfunction.h(55): warning C4244: 'initializing': conversion from 'double' to 'float', possible loss of data
  Player.cpp
c:\users\gameuser\desktop\space_rescue_ai1\ai1\ai1\basicfunction.h(58): warning C4091: 'static ': ignored on left of 'Vector' when no variable is declared
c:\users\gameuser\desktop\space_rescue_ai1\ai1\ai1\basicfunction.h(55): warning C4244: 'initializing': conversion from 'double' to 'float', possible loss of data
c:\users\gameuser\desktop\space_rescue_ai1\ai1\ai1\player.cpp(44): warning C4244: '=': conversion from 'double' to 'float', possible loss of data
c:\users\gameuser\desktop\space_rescue_ai1\ai1\ai1\player.cpp(45): warning C4244: 'argument': conversion from 'double' to 'float', possible loss of data
c:\users\gameuser\desktop\space_rescue_ai1\ai1\ai1\player.cpp(49): warning C4244: '=': conversion from 'double' to 'float', possible loss of data
c:\users\gameuser\desktop\space_rescue_ai1\ai1\ai1\player.cpp(50): warning C4244: 'argument': conversion from 'double' to 'float', possible loss of data
  AlienNest.cpp
c:\users\gameuser\desktop\space_rescue_ai1\ai1\ai1\basicfunction.h(58): warning C4091: 'static ': ignored on left of 'Vector' when no variable is declared
c:\users\gameuser\desktop\space_rescue_ai1\ai1\ai1\basicfunction.h(55): warning C4244: 'initializing': conversion from 'double' to 'float', possible loss of data
c:\users\gameuser\desktop\space_rescue_ai1\ai1\ai1\aliennest.cpp(14): warning C4244: 'argument': conversion from 'int' to 'float', possible loss of data
  Generating Code...
  AI1.vcxproj -> C:\Users\gameuser\Desktop\Space_Rescue_AI1\AI1\Debug\AI1.exe
  AI1.vcxproj -> C:\Users\gameuser\Desktop\Space_Rescue_AI1\AI1\Debug\AI1.pdb (Partial PDB)
